project_name: zutnlp_research 
base_dir: /home/zutnlp/xiangzheng/ 
conf_path: machine_translation/config/config.conf 
src_vocab_size: None 
src_vocab: None 
min_vocab_freq: 2 
max_length: 102 
sorted: False 
process_punct: False 
src_data_path: /home/zutnlp/xiangzheng/machine_translation/data/trans_en/{}.txt 
src_vocab_path: /home/zutnlp/xiangzheng/machine_translation/data/trans_en/vocab/vocab_min_freq_2.txt 
saved_data: /home/zutnlp/xiangzheng/machine_translation/data/trans_en/dataloader_en_102_160k.txt # xzloqy 
src: en 
uniform_init: 0.0 
rnn_type: lstm 
bidirectional: True 
num_layers: 1 
embed_size: 200 
hidden_size: 200 
latent_size: 32 
word_dropout: 0.2 
embedding_dropout: 0.0 
batch_norm: False 
reconstruction_loss_function: l2 
use_RN: False 
forward: False 
fuse_method: Fuse_CAT 
epoch: 48 
lr: 0.002 
lr_decay: 0.5 
device: 0 
batch_size: 16 
max_sequence_length: 100 
display_freq: 1000 
print_freq: 1000 
log_dir: /home/zutnlp/xiangzheng/machine_translation/log/logging/trans_en/en_16_batch_without_.log 
best_param_path: /home/zutnlp/xiangzheng/machine_translation/log/model_param/trans_en/en_16_batch_without_.pt 
test_result_path: /home/zutnlp/xiangzheng/machine_translation/log/result/trans_en/en_16_result_batch_without_.txt 
decode_output: /home/zutnlp/xiangzheng/machine_translation/inference/predict_en_batch_16_without_RN.txt 
beam_size: 5 
n_best: 1 
max_decode_step: 128
================================================================================
Begin training...
| Epoch 0 | Train_loss {'re_loss': 126.0204013361274, 'kl_divergence': 61.037386790806345, 'mutual_information1': 3.5058963739725777, 'mmd_loss': 0.06024182221956825, 'negative_ll': 189.50073082301736, 'nll_ppl': 5301.491175150456, 'sum_log_j': 0.0, 'end_time': 32.29324293136597} | 

--------------------------------------------------------------------------------
Evaluating on the valid data
| Epoch 0 | Eval_loss {'re_loss': 111.68622011812933, 'kl_divergence': 114.47427822758256, 'mutual_information1': -12.537715117230968, 'mmd_loss': 0.07919596086977494, 'negative_ll': 225.9613554006514, 'nll_ppl': 22026.465794806718, 'sum_log_j': 0.0, 'end_time': 0.8754796981811523} | 

~~~~~~~~~~~~~~~~~~~~~~~~~~~~~~~~~~~~~~~~~~~~~~~~~~~~~~~~~~~~~~~~~~~~~~~~~~~~~~~~
 Saved model state to '/home/zutnlp/xiangzheng/machine_translation/log/model_param/trans_en/en_16_batch_without_.pt' 
~~~~~~~~~~~~~~~~~~~~~~~~~~~~~~~~~~~~~~~~~~~~~~~~~~~~~~~~~~~~~~~~~~~~~~~~~~~~~~~~

================================================================================
Begin training...
| Epoch 1 | Train_loss {'re_loss': 108.31436570216424, 'kl_divergence': 130.61125125215798, 'mutual_information1': 3.453619439463385, 'mmd_loss': 0.07070645174509099, 'negative_ll': 238.9166304162214, 'nll_ppl': 22026.465794806718, 'sum_log_j': 0.0, 'end_time': 33.407750368118286} | 

--------------------------------------------------------------------------------
Evaluating on the valid data
| Epoch 1 | Eval_loss {'re_loss': 103.22000192704469, 'kl_divergence': 143.61454991190655, 'mutual_information1': -12.537715008563033, 'mmd_loss': 0.06917422985110865, 'negative_ll': 246.82251755349367, 'nll_ppl': 22026.465794806718, 'sum_log_j': 0.0, 'end_time': 0.8194406032562256} | 

~~~~~~~~~~~~~~~~~~~~~~~~~~~~~~~~~~~~~~~~~~~~~~~~~~~~~~~~~~~~~~~~~~~~~~~~~~~~~~~~
 Saved model state to '/home/zutnlp/xiangzheng/machine_translation/log/model_param/trans_en/en_16_batch_without_.pt' 
~~~~~~~~~~~~~~~~~~~~~~~~~~~~~~~~~~~~~~~~~~~~~~~~~~~~~~~~~~~~~~~~~~~~~~~~~~~~~~~~

================================================================================
Begin training...
| Epoch 2 | Train_loss {'re_loss': 101.0699738802379, 'kl_divergence': 154.34655847610208, 'mutual_information1': 3.467826381159951, 'mmd_loss': 0.0656199140660695, 'negative_ll': 255.8251270404089, 'nll_ppl': 22026.465794806718, 'sum_log_j': 0.0, 'end_time': 33.43827486038208} | 

--------------------------------------------------------------------------------
Evaluating on the valid data
| Epoch 2 | Eval_loss {'re_loss': 99.2756169531395, 'kl_divergence': 156.79904567820384, 'mutual_information1': -12.537716892140548, 'mmd_loss': 0.06675809066444194, 'negative_ll': 256.063965966652, 'nll_ppl': 22026.465794806718, 'sum_log_j': 0.0, 'end_time': 0.9822194576263428} | 

~~~~~~~~~~~~~~~~~~~~~~~~~~~~~~~~~~~~~~~~~~~~~~~~~~~~~~~~~~~~~~~~~~~~~~~~~~~~~~~~
 Saved model state to '/home/zutnlp/xiangzheng/machine_translation/log/model_param/trans_en/en_16_batch_without_.pt' 
~~~~~~~~~~~~~~~~~~~~~~~~~~~~~~~~~~~~~~~~~~~~~~~~~~~~~~~~~~~~~~~~~~~~~~~~~~~~~~~~

================================================================================
Begin training...
| Epoch 3 | Train_loss {'re_loss': 96.3341441544855, 'kl_divergence': 167.61138689099684, 'mutual_information1': 3.482403459120042, 'mmd_loss': 0.06367332443738041, 'negative_ll': 263.94699038354753, 'nll_ppl': 22026.465794806718, 'sum_log_j': 0.0, 'end_time': 32.072927474975586} | 

--------------------------------------------------------------------------------
Evaluating on the valid data
| Epoch 3 | Eval_loss {'re_loss': 97.80359938986575, 'kl_divergence': 172.30820298010931, 'mutual_information1': -12.53771996200968, 'mmd_loss': 0.06923368210608599, 'negative_ll': 270.1082852417354, 'nll_ppl': 22026.465794806718, 'sum_log_j': 0.0, 'end_time': 0.8468418121337891} | 

~~~~~~~~~~~~~~~~~~~~~~~~~~~~~~~~~~~~~~~~~~~~~~~~~~~~~~~~~~~~~~~~~~~~~~~~~~~~~~~~
 Saved model state to '/home/zutnlp/xiangzheng/machine_translation/log/model_param/trans_en/en_16_batch_without_.pt' 
~~~~~~~~~~~~~~~~~~~~~~~~~~~~~~~~~~~~~~~~~~~~~~~~~~~~~~~~~~~~~~~~~~~~~~~~~~~~~~~~

================================================================================
Begin training...
| Epoch 4 | Train_loss {'re_loss': 93.21872154954744, 'kl_divergence': 73.77389662458694, 'mutual_information1': 3.4447577182609814, 'mmd_loss': 0.05930894835997052, 'negative_ll': 166.98453736384573, 'nll_ppl': 1913.6858109198145, 'sum_log_j': 0.0, 'end_time': 32.191078901290894} | 

--------------------------------------------------------------------------------
Evaluating on the valid data
| Epoch 4 | Eval_loss {'re_loss': 95.0439468972407, 'kl_divergence': 51.290987480005086, 'mutual_information1': -12.53771505157743, 'mmd_loss': 0.05825446246285822, 'negative_ll': 145.26488194677876, 'nll_ppl': 762.777626322341, 'sum_log_j': 0.0, 'end_time': 0.8423037528991699} | 

~~~~~~~~~~~~~~~~~~~~~~~~~~~~~~~~~~~~~~~~~~~~~~~~~~~~~~~~~~~~~~~~~~~~~~~~~~~~~~~~
 Saved model state to '/home/zutnlp/xiangzheng/machine_translation/log/model_param/trans_en/en_16_batch_without_.pt' 
~~~~~~~~~~~~~~~~~~~~~~~~~~~~~~~~~~~~~~~~~~~~~~~~~~~~~~~~~~~~~~~~~~~~~~~~~~~~~~~~

================================================================================
Begin training...
| Epoch 5 | Train_loss {'re_loss': 91.59357883409483, 'kl_divergence': 40.64009524566025, 'mutual_information1': 3.4693608227775377, 'mmd_loss': 0.05304796578166169, 'negative_ll': 132.21504274828763, 'nll_ppl': 396.7528352529047, 'sum_log_j': 0.0, 'end_time': 33.901909589767456} | 

--------------------------------------------------------------------------------
Evaluating on the valid data
| Epoch 5 | Eval_loss {'re_loss': 94.31836890155554, 'kl_divergence': 36.50426853078056, 'mutual_information1': -12.537715440970858, 'mmd_loss': 0.052956175768764505, 'negative_ll': 128.34395858809924, 'nll_ppl': 352.084502214006, 'sum_log_j': 0.0, 'end_time': 0.8185999393463135} | 

~~~~~~~~~~~~~~~~~~~~~~~~~~~~~~~~~~~~~~~~~~~~~~~~~~~~~~~~~~~~~~~~~~~~~~~~~~~~~~~~
 Saved model state to '/home/zutnlp/xiangzheng/machine_translation/log/model_param/trans_en/en_16_batch_without_.pt' 
~~~~~~~~~~~~~~~~~~~~~~~~~~~~~~~~~~~~~~~~~~~~~~~~~~~~~~~~~~~~~~~~~~~~~~~~~~~~~~~~

================================================================================
Begin training...
| Epoch 6 | Train_loss {'re_loss': 90.28792538034875, 'kl_divergence': 31.633374099463037, 'mutual_information1': 3.423391960142592, 'mmd_loss': 0.04886134289466484, 'negative_ll': 121.91548471576837, 'nll_ppl': 248.94029853691364, 'sum_log_j': 0.0, 'end_time': 30.846942901611328} | 

--------------------------------------------------------------------------------
Evaluating on the valid data
| Epoch 6 | Eval_loss {'re_loss': 93.72853652999382, 'kl_divergence': 29.626024539392844, 'mutual_information1': -12.537715561524347, 'mmd_loss': 0.04817287596467694, 'negative_ll': 119.19925327018036, 'nll_ppl': 231.8432107705256, 'sum_log_j': 0.0, 'end_time': 0.8224940299987793} | 

~~~~~~~~~~~~~~~~~~~~~~~~~~~~~~~~~~~~~~~~~~~~~~~~~~~~~~~~~~~~~~~~~~~~~~~~~~~~~~~~
 Saved model state to '/home/zutnlp/xiangzheng/machine_translation/log/model_param/trans_en/en_16_batch_without_.pt' 
~~~~~~~~~~~~~~~~~~~~~~~~~~~~~~~~~~~~~~~~~~~~~~~~~~~~~~~~~~~~~~~~~~~~~~~~~~~~~~~~

================================================================================
Begin training...
| Epoch 7 | Train_loss {'re_loss': 89.14971241230546, 'kl_divergence': 26.67744112536181, 'mutual_information1': 3.4513341028268454, 'mmd_loss': 0.045314779206352365, 'negative_ll': 115.82687143469263, 'nll_ppl': 188.9866754729863, 'sum_log_j': 0.0, 'end_time': 31.773005962371826} | 

--------------------------------------------------------------------------------
Evaluating on the valid data
| Epoch 7 | Eval_loss {'re_loss': 93.03387268700303, 'kl_divergence': 24.25187444036013, 'mutual_information1': -12.537715645855192, 'mmd_loss': 0.04554349173424153, 'negative_ll': 111.33343715950713, 'nll_ppl': 161.85198687735706, 'sum_log_j': 0.0, 'end_time': 0.8339653015136719} | 

~~~~~~~~~~~~~~~~~~~~~~~~~~~~~~~~~~~~~~~~~~~~~~~~~~~~~~~~~~~~~~~~~~~~~~~~~~~~~~~~
 Saved model state to '/home/zutnlp/xiangzheng/machine_translation/log/model_param/trans_en/en_16_batch_without_.pt' 
~~~~~~~~~~~~~~~~~~~~~~~~~~~~~~~~~~~~~~~~~~~~~~~~~~~~~~~~~~~~~~~~~~~~~~~~~~~~~~~~

================================================================================
Begin training...
project_name: zutnlp_research 
base_dir: /home/zutnlp/xiangzheng/ 
conf_path: machine_translation/config/config.conf 
src_vocab_size: None 
src_vocab: None 
min_vocab_freq: 2 
max_length: 102 
sorted: False 
process_punct: False 
src_data_path: /home/zutnlp/xiangzheng/machine_translation/data/trans_en/{}.txt 
src_vocab_path: /home/zutnlp/xiangzheng/machine_translation/data/trans_en/vocab/vocab_min_freq_2.txt 
saved_data: /home/zutnlp/xiangzheng/machine_translation/data/trans_en/dataloader_en_102_160k.txt # xzloqy 
src: en 
uniform_init: 0.0 
rnn_type: lstm 
bidirectional: True 
num_layers: 1 
embed_size: 200 
hidden_size: 200 
latent_size: 32 
word_dropout: 0.2 
embedding_dropout: 0.0 
batch_norm: False 
reconstruction_loss_function: l2 
use_RN: False 
forward: False 
fuse_method: Fuse_CAT 
epoch: 48 
lr: 0.002 
lr_decay: 0.5 
device: 0 
batch_size: 16 
max_sequence_length: 100 
display_freq: 1000 
print_freq: 1000 
log_dir: /home/zutnlp/xiangzheng/machine_translation/log/logging/trans_en/en_16_batch_without_.log 
best_param_path: /home/zutnlp/xiangzheng/machine_translation/log/model_param/trans_en/en_16_batch_without_.pt 
test_result_path: /home/zutnlp/xiangzheng/machine_translation/log/result/trans_en/en_16_result_batch_without_.txt 
decode_output: /home/zutnlp/xiangzheng/machine_translation/inference/predict_en_batch_16_without_RN.txt 
beam_size: 5 
n_best: 1 
max_decode_step: 128
================================================================================
Begin training...
| Epoch 8 | Train_loss {'re_loss': 88.25878401565225, 'kl_divergence': 23.45911422922461, 'mutual_information1': 3.435224355712322, 'mmd_loss': 0.043543554887103327, 'negative_ll': 111.70691206111344, 'nll_ppl': 156.8406292484599, 'sum_log_j': 0.0, 'end_time': 32.09091806411743} | 

--------------------------------------------------------------------------------
Evaluating on the valid data
| Epoch 8 | Eval_loss {'re_loss': 92.81866502620345, 'kl_divergence': 22.734378350594632, 'mutual_information1': -12.537715830364286, 'mmd_loss': 0.044783139759425945, 'negative_ll': 109.00118870041842, 'nll_ppl': 145.49253931570965, 'sum_log_j': 0.0, 'end_time': 0.8341679573059082} | 

~~~~~~~~~~~~~~~~~~~~~~~~~~~~~~~~~~~~~~~~~~~~~~~~~~~~~~~~~~~~~~~~~~~~~~~~~~~~~~~~
 Saved model state to '/home/zutnlp/xiangzheng/machine_translation/log/model_param/trans_en/en_16_batch_without_.pt' 
~~~~~~~~~~~~~~~~~~~~~~~~~~~~~~~~~~~~~~~~~~~~~~~~~~~~~~~~~~~~~~~~~~~~~~~~~~~~~~~~

================================================================================
Begin training...
| Epoch 9 | Train_loss {'re_loss': 87.61634630067412, 'kl_divergence': 21.202916637804027, 'mutual_information1': 3.4671188266351938, 'mmd_loss': 0.04243595551161344, 'negative_ll': 108.819531907824, 'nll_ppl': 137.62925467766485, 'sum_log_j': 0.0, 'end_time': 30.897064447402954} | 

--------------------------------------------------------------------------------
Evaluating on the valid data
| Epoch 9 | Eval_loss {'re_loss': 92.93880168790281, 'kl_divergence': 20.608278821271675, 'mutual_information1': -12.537715437574986, 'mmd_loss': 0.04432893966708763, 'negative_ll': 106.3222897130587, 'nll_ppl': 128.7315647532975, 'sum_log_j': 0.0, 'end_time': 0.8246803283691406} | 

================================================================================
Begin training...
| Epoch 10 | Train_loss {'re_loss': 87.13393701595234, 'kl_divergence': 19.383758924324116, 'mutual_information1': 3.4648628474256684, 'mmd_loss': 0.04146809544843949, 'negative_ll': 106.51083848457581, 'nll_ppl': 123.9756226995634, 'sum_log_j': 0.0, 'end_time': 31.43333125114441} | 

--------------------------------------------------------------------------------
Evaluating on the valid data
| Epoch 10 | Eval_loss {'re_loss': 92.91919130047985, 'kl_divergence': 19.220144934045802, 'mutual_information1': -12.53771534475446, 'mmd_loss': 0.04318657795116528, 'negative_ll': 104.60489989147698, 'nll_ppl': 119.0167214852093, 'sum_log_j': 0.0, 'end_time': 0.8107359409332275} | 

================================================================================
Begin training...
| Epoch 11 | Train_loss {'re_loss': 86.80790057993438, 'kl_divergence': 17.793283496438487, 'mutual_information1': 3.45161545733439, 'mmd_loss': 0.040656278270998096, 'negative_ll': 104.59871475032558, 'nll_ppl': 113.6988091718868, 'sum_log_j': 0.0, 'end_time': 31.055684804916382} | 

--------------------------------------------------------------------------------
Evaluating on the valid data
| Epoch 11 | Eval_loss {'re_loss': 92.81367226892128, 'kl_divergence': 17.178523213644056, 'mutual_information1': -12.537715407578109, 'mmd_loss': 0.042925677561264704, 'negative_ll': 102.02361810610628, 'nll_ppl': 105.77651705025485, 'sum_log_j': 0.0, 'end_time': 0.8260388374328613} | 

~~~~~~~~~~~~~~~~~~~~~~~~~~~~~~~~~~~~~~~~~~~~~~~~~~~~~~~~~~~~~~~~~~~~~~~~~~~~~~~~
 Saved model state to '/home/zutnlp/xiangzheng/machine_translation/log/model_param/trans_en/en_16_batch_without_.pt' 
~~~~~~~~~~~~~~~~~~~~~~~~~~~~~~~~~~~~~~~~~~~~~~~~~~~~~~~~~~~~~~~~~~~~~~~~~~~~~~~~

================================================================================
Begin training...
--------------------------------------------------------------------------------
Exiting from training early.

the best model is from epoch 11
********************************************************************************
Evaluating on test data
Test_loss {'re_loss': 92.5442063915574, 'kl_divergence': 16.44343087749892, 'mutual_information1': -12.537123041880708, 'mmd_loss': 0.04160276696391004, 'negative_ll': 100.86299265156846, 'nll_ppl': 99.68693645493288, 'sum_log_j': 0.0, 'end_time': 0.9041051864624023} | 

project_name: zutnlp_research 
base_dir: /home/zutnlp/xiangzheng/ 
conf_path: machine_translation/config/config.conf 
src_vocab_size: None 
src_vocab: None 
min_vocab_freq: 2 
max_length: 102 
sorted: False 
process_punct: False 
src_data_path: /home/zutnlp/xiangzheng/machine_translation/data/trans_en/{}.txt 
src_vocab_path: /home/zutnlp/xiangzheng/machine_translation/data/trans_en/vocab/vocab_min_freq_2.txt 
saved_data: /home/zutnlp/xiangzheng/machine_translation/data/trans_en/dataloader_en_102_160k.txt # xzloqy 
src: en 
uniform_init: 0.0 
rnn_type: lstm 
bidirectional: True 
num_layers: 1 
embed_size: 200 
hidden_size: 200 
latent_size: 32 
word_dropout: 0.2 
embedding_dropout: 0.0 
batch_norm: False 
reconstruction_loss_function: l2 
use_RN: False 
forward: False 
fuse_method: Fuse_CAT 
epoch: 48 
lr: 0.002 
lr_decay: 0.5 
device: 0 
batch_size: 16 
max_sequence_length: 100 
display_freq: 1000 
print_freq: 1000 
log_dir: /home/zutnlp/xiangzheng/machine_translation/log/logging/trans_en/en_16_batch_without_.log 
best_param_path: /home/zutnlp/xiangzheng/machine_translation/log/model_param/trans_en/en_16_batch_without_.pt 
test_result_path: /home/zutnlp/xiangzheng/machine_translation/log/result/trans_en/en_16_result_batch_without_.txt 
decode_output: /home/zutnlp/xiangzheng/machine_translation/inference/predict_en_batch_16_without_RN.txt 
beam_size: 5 
n_best: 1 
max_decode_step: 128
================================================================================
Begin training...
| Epoch 0 | Train_loss {'re_loss': 105.94671878314018, 'kl_divergence': 76.7690249897242, 'mutual_information1': 3.4545071682929964, 'mmd_loss': 0.0471049010753632, 'negative_ll': 182.25450330162045, 'nll_ppl': 5226.408379560696, 'sum_log_j': 0.0, 'end_time': 49.19152522087097} | 

--------------------------------------------------------------------------------
Evaluating on the valid data
| Epoch 0 | Eval_loss {'re_loss': 93.85647653260065, 'kl_divergence': 126.74296102947831, 'mutual_information1': -12.535625777913197, 'mmd_loss': 0.04958666142461425, 'negative_ll': 220.58651132039165, 'nll_ppl': 22026.465794806718, 'sum_log_j': 0.0, 'end_time': 1.7982559204101562} | 

~~~~~~~~~~~~~~~~~~~~~~~~~~~~~~~~~~~~~~~~~~~~~~~~~~~~~~~~~~~~~~~~~~~~~~~~~~~~~~~~
 Saved model state to '/home/zutnlp/xiangzheng/machine_translation/log/model_param/trans_en/en_16_batch_without_.pt' 
~~~~~~~~~~~~~~~~~~~~~~~~~~~~~~~~~~~~~~~~~~~~~~~~~~~~~~~~~~~~~~~~~~~~~~~~~~~~~~~~

================================================================================
Begin training...
| Epoch 1 | Train_loss {'re_loss': 92.74904924428465, 'kl_divergence': 143.65722504806536, 'mutual_information1': 3.47895713233948, 'mmd_loss': 0.051086030155420285, 'negative_ll': 236.40637871932958, 'nll_ppl': 22026.465794806718, 'sum_log_j': 0.0, 'end_time': 49.49349045753479} | 

--------------------------------------------------------------------------------
Evaluating on the valid data
| Epoch 1 | Eval_loss {'re_loss': 88.6182721184919, 'kl_divergence': 167.71682773781785, 'mutual_information1': -12.535630450691539, 'mmd_loss': 0.06581305856925504, 'negative_ll': 256.33334823483955, 'nll_ppl': 22026.465794806718, 'sum_log_j': 0.0, 'end_time': 1.9256072044372559} | 

~~~~~~~~~~~~~~~~~~~~~~~~~~~~~~~~~~~~~~~~~~~~~~~~~~~~~~~~~~~~~~~~~~~~~~~~~~~~~~~~
 Saved model state to '/home/zutnlp/xiangzheng/machine_translation/log/model_param/trans_en/en_16_batch_without_.pt' 
~~~~~~~~~~~~~~~~~~~~~~~~~~~~~~~~~~~~~~~~~~~~~~~~~~~~~~~~~~~~~~~~~~~~~~~~~~~~~~~~

================================================================================
Begin training...
project_name: zutnlp_research 
base_dir: /home/zutnlp/xiangzheng/ 
conf_path: machine_translation/config/config.conf 
src_vocab_size: None 
src_vocab: None 
min_vocab_freq: 2 
max_length: 102 
sorted: False 
process_punct: False 
src_data_path: /home/zutnlp/xiangzheng/machine_translation/data/trans_en/{}.txt 
src_vocab_path: /home/zutnlp/xiangzheng/machine_translation/data/trans_en/vocab/vocab_min_freq_2.txt 
saved_data: /home/zutnlp/xiangzheng/machine_translation/data/trans_en/dataloader_en_102_160k.txt # xzloqy 
src: en 
uniform_init: 0.0 
rnn_type: lstm 
bidirectional: True 
num_layers: 1 
embed_size: 200 
hidden_size: 200 
latent_size: 32 
word_dropout: 0.2 
embedding_dropout: 0.0 
batch_norm: False 
reconstruction_loss_function: l2 
use_RN: False 
forward: False 
fuse_method: Fuse_CAT 
epoch: 48 
lr: 0.002 
lr_decay: 0.5 
device: 0 
batch_size: 16 
max_sequence_length: 100 
display_freq: 1000 
print_freq: 1000 
log_dir: /home/zutnlp/xiangzheng/machine_translation/log/logging/trans_en/en_16_batch_without_.log 
best_param_path: /home/zutnlp/xiangzheng/machine_translation/log/model_param/trans_en/en_16_batch_without_.pt 
test_result_path: /home/zutnlp/xiangzheng/machine_translation/log/result/trans_en/en_16_result_batch_without_.txt 
decode_output: /home/zutnlp/xiangzheng/machine_translation/inference/predict_en_batch_16_without_RN.txt 
beam_size: 5 
n_best: 1 
max_decode_step: 128
================================================================================
Begin training...
| Epoch 2 | Train_loss {'re_loss': 89.14305914771566, 'kl_divergence': 169.59560491180423, 'mutual_information1': 3.4700291442871074, 'mmd_loss': 0.05532365217804907, 'negative_ll': 258.73868779754685, 'nll_ppl': 22026.465794806718, 'sum_log_j': 0.0, 'end_time': 48.70330595970154} | 

--------------------------------------------------------------------------------
Evaluating on the valid data
| Epoch 2 | Eval_loss {'re_loss': 85.04149192723747, 'kl_divergence': 178.4431779555853, 'mutual_information1': -12.535632263199638, 'mmd_loss': 0.055547143778842345, 'negative_ll': 263.4836292181541, 'nll_ppl': 22026.465794806718, 'sum_log_j': 0.0, 'end_time': 1.7977468967437744} | 

~~~~~~~~~~~~~~~~~~~~~~~~~~~~~~~~~~~~~~~~~~~~~~~~~~~~~~~~~~~~~~~~~~~~~~~~~~~~~~~~
 Saved model state to '/home/zutnlp/xiangzheng/machine_translation/log/model_param/trans_en/en_16_batch_without_.pt' 
~~~~~~~~~~~~~~~~~~~~~~~~~~~~~~~~~~~~~~~~~~~~~~~~~~~~~~~~~~~~~~~~~~~~~~~~~~~~~~~~

================================================================================
Begin training...
| Epoch 3 | Train_loss {'re_loss': 86.23640480291836, 'kl_divergence': 181.5769849014281, 'mutual_information1': 3.4704732818603508, 'mmd_loss': 0.056758184760808905, 'negative_ll': 267.81330247497567, 'nll_ppl': 22026.465794806718, 'sum_log_j': 0.0, 'end_time': 47.747013568878174} | 

--------------------------------------------------------------------------------
Evaluating on the valid data
| Epoch 3 | Eval_loss {'re_loss': 82.59734486793414, 'kl_divergence': 180.9613970701584, 'mutual_information1': -12.53563166103748, 'mmd_loss': 0.05478262457525187, 'negative_ll': 263.5577516222087, 'nll_ppl': 22026.465794806718, 'sum_log_j': 0.0, 'end_time': 1.7979435920715332} | 

~~~~~~~~~~~~~~~~~~~~~~~~~~~~~~~~~~~~~~~~~~~~~~~~~~~~~~~~~~~~~~~~~~~~~~~~~~~~~~~~
 Saved model state to '/home/zutnlp/xiangzheng/machine_translation/log/model_param/trans_en/en_16_batch_without_.pt' 
~~~~~~~~~~~~~~~~~~~~~~~~~~~~~~~~~~~~~~~~~~~~~~~~~~~~~~~~~~~~~~~~~~~~~~~~~~~~~~~~

================================================================================
Begin training...
| Epoch 4 | Train_loss {'re_loss': 83.97113137650496, 'kl_divergence': 63.66671760940552, 'mutual_information1': 3.4756183056831373, 'mmd_loss': 0.05326325929164887, 'negative_ll': 147.60509082603463, 'nll_ppl': 1041.1367271908339, 'sum_log_j': 0.0, 'end_time': 48.051220178604126} | 

--------------------------------------------------------------------------------
Evaluating on the valid data
| Epoch 4 | Eval_loss {'re_loss': 81.00218233300708, 'kl_divergence': 42.16806803449643, 'mutual_information1': -12.535626187885287, 'mmd_loss': 0.05015869668771389, 'negative_ll': 121.50907221520394, 'nll_ppl': 309.7636184679522, 'sum_log_j': 0.0, 'end_time': 1.7327470779418945} | 

~~~~~~~~~~~~~~~~~~~~~~~~~~~~~~~~~~~~~~~~~~~~~~~~~~~~~~~~~~~~~~~~~~~~~~~~~~~~~~~~
 Saved model state to '/home/zutnlp/xiangzheng/machine_translation/log/model_param/trans_en/en_16_batch_without_.pt' 
~~~~~~~~~~~~~~~~~~~~~~~~~~~~~~~~~~~~~~~~~~~~~~~~~~~~~~~~~~~~~~~~~~~~~~~~~~~~~~~~

================================================================================
Begin training...
| Epoch 5 | Train_loss {'re_loss': 83.41568773138528, 'kl_divergence': 36.14061264038079, 'mutual_information1': 3.466062601745132, 'mmd_loss': 0.04824605187773704, 'negative_ll': 119.54721449375147, 'nll_ppl': 271.2114726769934, 'sum_log_j': 0.0, 'end_time': 45.80880832672119} | 

--------------------------------------------------------------------------------
Evaluating on the valid data
| Epoch 5 | Eval_loss {'re_loss': 79.83354194438382, 'kl_divergence': 31.263697157781763, 'mutual_information1': -12.535626360505114, 'mmd_loss': 0.04459603781199587, 'negative_ll': 106.90640288495729, 'nll_ppl': 155.47635103503242, 'sum_log_j': 0.0, 'end_time': 1.886650800704956} | 

~~~~~~~~~~~~~~~~~~~~~~~~~~~~~~~~~~~~~~~~~~~~~~~~~~~~~~~~~~~~~~~~~~~~~~~~~~~~~~~~
 Saved model state to '/home/zutnlp/xiangzheng/machine_translation/log/model_param/trans_en/en_16_batch_without_.pt' 
~~~~~~~~~~~~~~~~~~~~~~~~~~~~~~~~~~~~~~~~~~~~~~~~~~~~~~~~~~~~~~~~~~~~~~~~~~~~~~~~

================================================================================
Begin training...
| Epoch 6 | Train_loss {'re_loss': 82.10485704863068, 'kl_divergence': 28.54208217239381, 'mutual_information1': 3.4537505855560364, 'mmd_loss': 0.04478801280260087, 'negative_ll': 110.63698688888566, 'nll_ppl': 182.421530738549, 'sum_log_j': 0.0, 'end_time': 48.138644218444824} | 

--------------------------------------------------------------------------------
Evaluating on the valid data
| Epoch 6 | Eval_loss {'re_loss': 79.25815282599359, 'kl_divergence': 25.718098328070287, 'mutual_information1': -12.53562636627584, 'mmd_loss': 0.04156222562355855, 'negative_ll': 98.77317884325258, 'nll_ppl': 105.90755109363927, 'sum_log_j': 0.0, 'end_time': 1.7793309688568115} | 

~~~~~~~~~~~~~~~~~~~~~~~~~~~~~~~~~~~~~~~~~~~~~~~~~~~~~~~~~~~~~~~~~~~~~~~~~~~~~~~~
 Saved model state to '/home/zutnlp/xiangzheng/machine_translation/log/model_param/trans_en/en_16_batch_without_.pt' 
~~~~~~~~~~~~~~~~~~~~~~~~~~~~~~~~~~~~~~~~~~~~~~~~~~~~~~~~~~~~~~~~~~~~~~~~~~~~~~~~

================================================================================
Begin training...
| Epoch 7 | Train_loss {'re_loss': 81.67653790807714, 'kl_divergence': 24.64262342071533, 'mutual_information1': 3.4605504918098426, 'mmd_loss': 0.04233916458487509, 'negative_ll': 106.33284029102335, 'nll_ppl': 148.40735588004554, 'sum_log_j': 0.0, 'end_time': 47.85949921607971} | 

--------------------------------------------------------------------------------
Evaluating on the valid data
| Epoch 7 | Eval_loss {'re_loss': 78.54099574060201, 'kl_divergence': 23.910410041277167, 'mutual_information1': -12.535626380577199, 'mmd_loss': 0.040180455584552424, 'negative_ll': 95.44399378896227, 'nll_ppl': 90.50572363540587, 'sum_log_j': 0.0, 'end_time': 1.7532999515533447} | 

~~~~~~~~~~~~~~~~~~~~~~~~~~~~~~~~~~~~~~~~~~~~~~~~~~~~~~~~~~~~~~~~~~~~~~~~~~~~~~~~
 Saved model state to '/home/zutnlp/xiangzheng/machine_translation/log/model_param/trans_en/en_16_batch_without_.pt' 
~~~~~~~~~~~~~~~~~~~~~~~~~~~~~~~~~~~~~~~~~~~~~~~~~~~~~~~~~~~~~~~~~~~~~~~~~~~~~~~~

================================================================================
Begin training...
| Epoch 8 | Train_loss {'re_loss': 81.25676779103284, 'kl_divergence': 22.334169698715147, 'mutual_information1': 3.4689507589340223, 'mmd_loss': 0.04116334527730942, 'negative_ll': 103.56909442710881, 'nll_ppl': 130.21013922811164, 'sum_log_j': 0.0, 'end_time': 49.203986167907715} | 

--------------------------------------------------------------------------------
Evaluating on the valid data
| Epoch 8 | Eval_loss {'re_loss': 78.46459742252273, 'kl_divergence': 21.004269707049243, 'mutual_information1': -12.535626360003308, 'mmd_loss': 0.04144545512210689, 'negative_ll': 91.89794595101667, 'nll_ppl': 76.5560132082588, 'sum_log_j': 0.0, 'end_time': 1.7678470611572266} | 

~~~~~~~~~~~~~~~~~~~~~~~~~~~~~~~~~~~~~~~~~~~~~~~~~~~~~~~~~~~~~~~~~~~~~~~~~~~~~~~~
 Saved model state to '/home/zutnlp/xiangzheng/machine_translation/log/model_param/trans_en/en_16_batch_without_.pt' 
~~~~~~~~~~~~~~~~~~~~~~~~~~~~~~~~~~~~~~~~~~~~~~~~~~~~~~~~~~~~~~~~~~~~~~~~~~~~~~~~

================================================================================
Begin training...
| Epoch 9 | Train_loss {'re_loss': 81.33459558534634, 'kl_divergence': 20.40930740261078, 'mutual_information1': 3.4614253635406445, 'mmd_loss': 0.04086574330925936, 'negative_ll': 101.74442768383037, 'nll_ppl': 118.10626604044461, 'sum_log_j': 0.0, 'end_time': 49.41678428649902} | 

--------------------------------------------------------------------------------
Evaluating on the valid data
| Epoch 9 | Eval_loss {'re_loss': 78.07083964379206, 'kl_divergence': 19.403906489259093, 'mutual_information1': -12.535626164300604, 'mmd_loss': 0.04099620788920965, 'negative_ll': 89.62035615755929, 'nll_ppl': 68.75225512905962, 'sum_log_j': 0.0, 'end_time': 1.7826716899871826} | 

~~~~~~~~~~~~~~~~~~~~~~~~~~~~~~~~~~~~~~~~~~~~~~~~~~~~~~~~~~~~~~~~~~~~~~~~~~~~~~~~
 Saved model state to '/home/zutnlp/xiangzheng/machine_translation/log/model_param/trans_en/en_16_batch_without_.pt' 
~~~~~~~~~~~~~~~~~~~~~~~~~~~~~~~~~~~~~~~~~~~~~~~~~~~~~~~~~~~~~~~~~~~~~~~~~~~~~~~~

================================================================================
Begin training...
| Epoch 10 | Train_loss {'re_loss': 81.09842743957056, 'kl_divergence': 18.77060677289964, 'mutual_information1': 3.4686687211990352, 'mmd_loss': 0.040392679184675234, 'negative_ll': 99.87532690143586, 'nll_ppl': 108.93835053818144, 'sum_log_j': 0.0, 'end_time': 48.824164628982544} | 

--------------------------------------------------------------------------------
Evaluating on the valid data
| Epoch 10 | Eval_loss {'re_loss': 77.99769707197767, 'kl_divergence': 18.008053979068265, 'mutual_information1': -12.535626248101496, 'mmd_loss': 0.04004979941193228, 'negative_ll': 87.8136180866646, 'nll_ppl': 63.13168972601357, 'sum_log_j': 0.0, 'end_time': 2.1809275150299072} | 

~~~~~~~~~~~~~~~~~~~~~~~~~~~~~~~~~~~~~~~~~~~~~~~~~~~~~~~~~~~~~~~~~~~~~~~~~~~~~~~~
 Saved model state to '/home/zutnlp/xiangzheng/machine_translation/log/model_param/trans_en/en_16_batch_without_.pt' 
~~~~~~~~~~~~~~~~~~~~~~~~~~~~~~~~~~~~~~~~~~~~~~~~~~~~~~~~~~~~~~~~~~~~~~~~~~~~~~~~

================================================================================
Begin training...
--------------------------------------------------------------------------------
Exiting from training early.

the best model is from epoch 10
********************************************************************************
Evaluating on test data
Test_loss {'re_loss': 74.02455751094112, 'kl_divergence': 17.34169924135561, 'mutual_information1': -12.53455073066995, 'mmd_loss': 0.04206887271669177, 'negative_ll': 83.14705225513596, 'nll_ppl': 58.54218051795101, 'sum_log_j': 0.0, 'end_time': 1.5792059898376465} | 

project_name: zutnlp_research 
base_dir: /home/zutnlp/xiangzheng/ 
conf_path: machine_translation/config/config.conf 
src_vocab_size: None 
src_vocab: None 
min_vocab_freq: 2 
max_length: 102 
sorted: False 
process_punct: False 
src_data_path: /home/zutnlp/xiangzheng/machine_translation/data/trans_en/{}.txt 
src_vocab_path: /home/zutnlp/xiangzheng/machine_translation/data/trans_en/vocab/vocab_min_freq_2.txt 
saved_data: /home/zutnlp/xiangzheng/machine_translation/data/trans_en/dataloader_en_102_160k.txt # xzloqy 
src: en 
uniform_init: 0.0 
rnn_type: lstm 
bidirectional: True 
num_layers: 1 
embed_size: 200 
hidden_size: 200 
latent_size: 32 
word_dropout: 0.2 
embedding_dropout: 0.0 
batch_norm: False 
reconstruction_loss_function: l2 
use_RN: False 
forward: False 
fuse_method: Fuse_CAT 
epoch: 48 
lr: 0.002 
lr_decay: 0.5 
device: 0 
batch_size: 16 
max_sequence_length: 100 
display_freq: 1000 
print_freq: 1000 
log_dir: /home/zutnlp/xiangzheng/machine_translation/log/logging/trans_en/en_16_batch_without_.log 
best_param_path: /home/zutnlp/xiangzheng/machine_translation/log/model_param/trans_en/en_16_batch_without_.pt 
test_result_path: /home/zutnlp/xiangzheng/machine_translation/log/result/trans_en/en_16_result_batch_without_.txt 
decode_output: /home/zutnlp/xiangzheng/machine_translation/inference/predict_en_batch_16_without_RN.txt 
beam_size: 5 
n_best: 1 
max_decode_step: 128
================================================================================
Begin training...
| Epoch 0 | Train_loss {'re_loss': 105.94671878314018, 'kl_divergence': 76.7690249897242, 'mutual_information1': 3.4545071682929964, 'mmd_loss': 0.0471049010753632, 'negative_ll': 182.25450330162045, 'nll_ppl': 5226.408379560696, 'sum_log_j': 0.0, 'end_time': 233.67643427848816} | 

--------------------------------------------------------------------------------
Evaluating on the valid data
| Epoch 0 | Eval_loss {'re_loss': 93.85647653260065, 'kl_divergence': 126.74296102947831, 'mutual_information1': -12.535625777913197, 'mmd_loss': 0.04958666142461425, 'negative_ll': 220.58651132039165, 'nll_ppl': 22026.465794806718, 'sum_log_j': 0.0, 'end_time': 377.03607869148254} | 

~~~~~~~~~~~~~~~~~~~~~~~~~~~~~~~~~~~~~~~~~~~~~~~~~~~~~~~~~~~~~~~~~~~~~~~~~~~~~~~~
 Saved model state to '/home/zutnlp/xiangzheng/machine_translation/log/model_param/trans_en/en_16_batch_without_.pt' 
~~~~~~~~~~~~~~~~~~~~~~~~~~~~~~~~~~~~~~~~~~~~~~~~~~~~~~~~~~~~~~~~~~~~~~~~~~~~~~~~

================================================================================
Begin training...
| Epoch 1 | Train_loss {'re_loss': 92.74904924428465, 'kl_divergence': 143.65722504806536, 'mutual_information1': 3.47895713233948, 'mmd_loss': 0.051086030155420285, 'negative_ll': 236.40637871932958, 'nll_ppl': 22026.465794806718, 'sum_log_j': 0.0, 'end_time': 141.00369477272034} | 

--------------------------------------------------------------------------------
Evaluating on the valid data
| Epoch 1 | Eval_loss {'re_loss': 88.6182721184919, 'kl_divergence': 167.71682773781785, 'mutual_information1': -12.535630450691539, 'mmd_loss': 0.06581305856925504, 'negative_ll': 256.33334823483955, 'nll_ppl': 22026.465794806718, 'sum_log_j': 0.0, 'end_time': 48.913368940353394} | 

~~~~~~~~~~~~~~~~~~~~~~~~~~~~~~~~~~~~~~~~~~~~~~~~~~~~~~~~~~~~~~~~~~~~~~~~~~~~~~~~
 Saved model state to '/home/zutnlp/xiangzheng/machine_translation/log/model_param/trans_en/en_16_batch_without_.pt' 
~~~~~~~~~~~~~~~~~~~~~~~~~~~~~~~~~~~~~~~~~~~~~~~~~~~~~~~~~~~~~~~~~~~~~~~~~~~~~~~~

================================================================================
Begin training...
project_name: zutnlp_research 
base_dir: /home/zutnlp/xiangzheng/ 
conf_path: machine_translation/config/config.conf 
src_vocab_size: None 
src_vocab: None 
min_vocab_freq: 2 
max_length: 102 
sorted: False 
process_punct: False 
src_data_path: /home/zutnlp/xiangzheng/machine_translation/data/trans_en/{}.txt 
src_vocab_path: /home/zutnlp/xiangzheng/machine_translation/data/trans_en/vocab/vocab_min_freq_2.txt 
saved_data: /home/zutnlp/xiangzheng/machine_translation/data/trans_en/dataloader_en_102_160k.txt # xzloqy 
src: en 
uniform_init: 0.0 
rnn_type: lstm 
bidirectional: True 
num_layers: 1 
embed_size: 200 
hidden_size: 200 
latent_size: 32 
word_dropout: 0.2 
embedding_dropout: 0.0 
batch_norm: False 
reconstruction_loss_function: l2 
use_RN: False 
forward: False 
fuse_method: Fuse_CAT 
epoch: 48 
lr: 0.002 
lr_decay: 0.5 
device: 0 
batch_size: 16 
max_sequence_length: 100 
display_freq: 1000 
print_freq: 1000 
log_dir: /home/zutnlp/xiangzheng/machine_translation/log/logging/trans_en/en_16_batch_without_.log 
best_param_path: /home/zutnlp/xiangzheng/machine_translation/log/model_param/trans_en/en_16_batch_without_.pt 
test_result_path: /home/zutnlp/xiangzheng/machine_translation/log/result/trans_en/en_16_result_batch_without_.txt 
decode_output: /home/zutnlp/xiangzheng/machine_translation/inference/predict_en_batch_16_without_RN.txt 
beam_size: 5 
n_best: 1 
max_decode_step: 128
================================================================================
Begin training...
project_name: zutnlp_research 
base_dir: /home/zutnlp/xiangzheng/ 
conf_path: machine_translation/config/config.conf 
src_vocab_size: None 
src_vocab: None 
min_vocab_freq: 2 
max_length: 102 
sorted: False 
process_punct: False 
src_data_path: /home/zutnlp/xiangzheng/machine_translation/data/trans_en/{}.txt 
src_vocab_path: /home/zutnlp/xiangzheng/machine_translation/data/trans_en/vocab/vocab_min_freq_2.txt 
saved_data: /home/zutnlp/xiangzheng/machine_translation/data/trans_en/dataloader_en_102_160k.txt # xzloqy 
src: en 
uniform_init: 0.0 
rnn_type: lstm 
bidirectional: True 
num_layers: 1 
embed_size: 200 
hidden_size: 200 
latent_size: 32 
word_dropout: 0.2 
embedding_dropout: 0.0 
batch_norm: False 
reconstruction_loss_function: l2 
use_RN: False 
forward: False 
fuse_method: Fuse_CAT 
epoch: 48 
lr: 0.002 
lr_decay: 0.5 
device: 0 
batch_size: 16 
max_sequence_length: 100 
display_freq: 1000 
print_freq: 1000 
log_dir: /home/zutnlp/xiangzheng/machine_translation/log/logging/trans_en/en_16_batch_without_.log 
best_param_path: /home/zutnlp/xiangzheng/machine_translation/log/model_param/trans_en/en_16_batch_without_.pt 
test_result_path: /home/zutnlp/xiangzheng/machine_translation/log/result/trans_en/en_16_result_batch_without_.txt 
decode_output: /home/zutnlp/xiangzheng/machine_translation/inference/predict_en_batch_16_without_RN.txt 
beam_size: 5 
n_best: 1 
max_decode_step: 128
================================================================================
Begin training...
project_name: zutnlp_research 
base_dir: /home/zutnlp/xiangzheng/ 
conf_path: machine_translation/config/config.conf 
src_vocab_size: None 
src_vocab: None 
min_vocab_freq: 2 
max_length: 102 
sorted: False 
process_punct: False 
src_data_path: /home/zutnlp/xiangzheng/machine_translation/data/trans_en/{}.txt 
src_vocab_path: /home/zutnlp/xiangzheng/machine_translation/data/trans_en/vocab/vocab_min_freq_2.txt 
saved_data: /home/zutnlp/xiangzheng/machine_translation/data/trans_en/dataloader_en_102_160k.txt # xzloqy 
src: en 
uniform_init: 0.0 
rnn_type: lstm 
bidirectional: True 
num_layers: 1 
embed_size: 200 
hidden_size: 200 
latent_size: 32 
word_dropout: 0.2 
embedding_dropout: 0.0 
batch_norm: False 
reconstruction_loss_function: l2 
use_RN: False 
forward: False 
fuse_method: Fuse_CAT 
epoch: 48 
lr: 0.002 
lr_decay: 0.5 
device: 0 
batch_size: 16 
max_sequence_length: 100 
display_freq: 1000 
print_freq: 1000 
log_dir: /home/zutnlp/xiangzheng/machine_translation/log/logging/trans_en/en_16_batch_without_.log 
best_param_path: /home/zutnlp/xiangzheng/machine_translation/log/model_param/trans_en/en_16_batch_without_.pt 
test_result_path: /home/zutnlp/xiangzheng/machine_translation/log/result/trans_en/en_16_result_batch_without_.txt 
decode_output: /home/zutnlp/xiangzheng/machine_translation/inference/predict_en_batch_16_without_RN.txt 
beam_size: 5 
n_best: 1 
max_decode_step: 128
================================================================================
Begin training...
| Epoch 0 | Train_loss {'re_loss': 104.19619441270845, 'kl_divergence': 92.17043281904621, 'mutual_information1': 2.7564255505502215, 'mmd_loss': 0.07589944596588633, 'negative_ll': 216.66888135051727, 'nll_ppl': 22026.465794806718, 'sum_log_j': 0.0, 'end_time': 94.03769397735596} | 

--------------------------------------------------------------------------------
Evaluating on the valid data
| Epoch 0 | Eval_loss {'re_loss': 93.09222099035227, 'kl_divergence': 126.12104951918226, 'mutual_information1': -13.227955975491062, 'mmd_loss': 0.08170719100939099, 'negative_ll': 219.19977497119885, 'nll_ppl': 22026.465794806718, 'sum_log_j': 0.0, 'end_time': 3.0541703701019287} | 

~~~~~~~~~~~~~~~~~~~~~~~~~~~~~~~~~~~~~~~~~~~~~~~~~~~~~~~~~~~~~~~~~~~~~~~~~~~~~~~~
 Saved model state to '/home/zutnlp/xiangzheng/machine_translation/log/model_param/trans_en/en_16_batch_without_.pt' 
~~~~~~~~~~~~~~~~~~~~~~~~~~~~~~~~~~~~~~~~~~~~~~~~~~~~~~~~~~~~~~~~~~~~~~~~~~~~~~~~

================================================================================
Begin training...
--------------------------------------------------------------------------------
Exiting from training early.

the best model is from epoch 0
********************************************************************************
Evaluating on test data
Test_loss {'re_loss': 84.14433144802514, 'kl_divergence': 55.51708535879629, 'mutual_information1': -13.227688214337327, 'mmd_loss': 0.09162527573550183, 'negative_ll': 138.88712571433737, 'nll_ppl': 896.0736029397648, 'sum_log_j': 0.0, 'end_time': 2.6481471061706543} | 

project_name: zutnlp_research 
base_dir: /home/zutnlp/xiangzheng/ 
conf_path: machine_translation/config/config.conf 
src_vocab_size: None 
src_vocab: None 
min_vocab_freq: 2 
max_length: 102 
sorted: False 
process_punct: False 
src_data_path: /home/zutnlp/xiangzheng/machine_translation/data/trans_en/{}.txt 
src_vocab_path: /home/zutnlp/xiangzheng/machine_translation/data/trans_en/vocab/vocab_min_freq_2.txt 
saved_data: /home/zutnlp/xiangzheng/machine_translation/data/trans_en/dataloader_en_102_160k.txt # xzloqy 
src: en 
uniform_init: 0.0 
rnn_type: lstm 
bidirectional: True 
num_layers: 1 
embed_size: 200 
hidden_size: 200 
latent_size: 32 
word_dropout: 0.2 
embedding_dropout: 0.0 
batch_norm: False 
reconstruction_loss_function: l2 
use_RN: False 
forward: False 
fuse_method: Fuse_CAT 
epoch: 48 
lr: 0.002 
lr_decay: 0.5 
device: 0 
batch_size: 16 
max_sequence_length: 100 
display_freq: 1000 
print_freq: 1000 
log_dir: /home/zutnlp/xiangzheng/machine_translation/log/logging/trans_en/en_16_batch_without_.log 
best_param_path: /home/zutnlp/xiangzheng/machine_translation/log/model_param/trans_en/en_16_batch_without_.pt 
test_result_path: /home/zutnlp/xiangzheng/machine_translation/log/result/trans_en/en_16_result_batch_without_.txt 
decode_output: /home/zutnlp/xiangzheng/machine_translation/inference/predict_en_batch_16_without_RN.txt 
beam_size: 5 
n_best: 1 
max_decode_step: 128
================================================================================
Begin training...
| Epoch 0 | Train_loss {'re_loss': 104.19619441270845, 'kl_divergence': 92.17043281904621, 'mutual_information1': 2.7564255505502215, 'mmd_loss': 0.07589944596588633, 'negative_ll': 216.66888135051727, 'nll_ppl': 22026.465794806718, 'sum_log_j': 0.0, 'end_time': 91.77412343025208} | 

--------------------------------------------------------------------------------
Evaluating on the valid data
| Epoch 0 | Eval_loss {'re_loss': 93.09222099035227, 'kl_divergence': 126.12104951918226, 'mutual_information1': -13.227955975491062, 'mmd_loss': 0.08170719100939099, 'negative_ll': 219.19977497119885, 'nll_ppl': 22026.465794806718, 'sum_log_j': 0.0, 'end_time': 3.056750535964966} | 

project_name: zutnlp_research 
base_dir: /home/zutnlp/xiangzheng/ 
conf_path: machine_translation/config/config.conf 
src_vocab_size: None 
src_vocab: None 
min_vocab_freq: 2 
max_length: 102 
sorted: False 
process_punct: False 
src_data_path: /home/zutnlp/xiangzheng/machine_translation/data/trans_en/{}.txt 
src_vocab_path: /home/zutnlp/xiangzheng/machine_translation/data/trans_en/vocab/vocab_min_freq_2.txt 
saved_data: /home/zutnlp/xiangzheng/machine_translation/data/trans_en/dataloader_en_102_160k.txt # xzloqy 
src: en 
uniform_init: 0.0 
rnn_type: lstm 
bidirectional: True 
num_layers: 1 
embed_size: 200 
hidden_size: 200 
latent_size: 32 
word_dropout: 0.2 
embedding_dropout: 0.0 
batch_norm: False 
reconstruction_loss_function: l2 
use_RN: False 
forward: False 
fuse_method: Fuse_CAT 
epoch: 48 
lr: 0.002 
lr_decay: 0.5 
device: 0 
batch_size: 16 
max_sequence_length: 100 
display_freq: 1000 
print_freq: 1000 
log_dir: /home/zutnlp/xiangzheng/machine_translation/log/logging/trans_en/en_16_batch_without_.log 
best_param_path: /home/zutnlp/xiangzheng/machine_translation/log/model_param/trans_en/en_16_batch_without_.pt 
test_result_path: /home/zutnlp/xiangzheng/machine_translation/log/result/trans_en/en_16_result_batch_without_.txt 
decode_output: /home/zutnlp/xiangzheng/machine_translation/inference/predict_en_batch_16_without_RN.txt 
beam_size: 5 
n_best: 1 
max_decode_step: 128
================================================================================
Begin training...
| Epoch 0 | Train_loss {'re_loss': 104.19619441270845, 'kl_divergence': 92.17043281904621, 'mutual_information1': 2.7564255505502215, 'mmd_loss': 0.07589944596588633, 'negative_ll': 216.66888135051727, 'nll_ppl': 22026.465794806718, 'sum_log_j': 0.0, 'end_time': 81.51048111915588} | 

--------------------------------------------------------------------------------
Evaluating on the valid data
| Epoch 0 | Eval_loss {'re_loss': 93.09222099035227, 'kl_divergence': 126.12104951918226, 'mutual_information1': -13.227955975491062, 'mmd_loss': 0.08170719100939099, 'negative_ll': 219.19977497119885, 'nll_ppl': 22026.465794806718, 'sum_log_j': 0.0, 'end_time': 3.10117244720459} | 

project_name: zutnlp_research 
base_dir: /home/zutnlp/xiangzheng/ 
conf_path: machine_translation/config/config.conf 
src_vocab_size: None 
src_vocab: None 
min_vocab_freq: 2 
max_length: 102 
sorted: False 
process_punct: False 
src_data_path: /home/zutnlp/xiangzheng/machine_translation/data/trans_en/{}.txt 
src_vocab_path: /home/zutnlp/xiangzheng/machine_translation/data/trans_en/vocab/vocab_min_freq_2.txt 
saved_data: /home/zutnlp/xiangzheng/machine_translation/data/trans_en/dataloader_en_102_160k.txt # xzloqy 
src: en 
uniform_init: 0.0 
rnn_type: lstm 
bidirectional: True 
num_layers: 1 
embed_size: 200 
hidden_size: 200 
latent_size: 32 
word_dropout: 0.2 
embedding_dropout: 0.0 
batch_norm: False 
reconstruction_loss_function: l2 
use_RN: False 
forward: False 
fuse_method: Fuse_CAT 
epoch: 48 
lr: 0.002 
lr_decay: 0.5 
device: 0 
batch_size: 16 
max_sequence_length: 100 
display_freq: 1000 
print_freq: 1000 
log_dir: /home/zutnlp/xiangzheng/machine_translation/log/logging/trans_en/en_16_batch_without_.log 
best_param_path: /home/zutnlp/xiangzheng/machine_translation/log/model_param/trans_en/en_16_batch_without_.pt 
test_result_path: /home/zutnlp/xiangzheng/machine_translation/log/result/trans_en/en_16_result_batch_without_.txt 
decode_output: /home/zutnlp/xiangzheng/machine_translation/inference/predict_en_batch_16_without_RN.txt 
beam_size: 5 
n_best: 1 
max_decode_step: 128
================================================================================
Begin training...
| Epoch 0 | Train_loss {'re_loss': 104.19619441270845, 'kl_divergence': 92.17043281904621, 'mutual_information1': 2.7564255505502215, 'mmd_loss': 0.07589944596588633, 'negative_ll': 216.66888135051727, 'nll_ppl': 22026.465794806718, 'sum_log_j': 0.0, 'end_time': 96.06766510009766} | 

--------------------------------------------------------------------------------
Evaluating on the valid data
| Epoch 0 | Eval_loss {'re_loss': 93.09222099035227, 'kl_divergence': 126.12104951918226, 'mutual_information1': -13.227955975491062, 'mmd_loss': 0.08170719100939099, 'negative_ll': 219.19977497119885, 'nll_ppl': 22026.465794806718, 'sum_log_j': 0.0, 'end_time': 3.199172258377075} | 

project_name: zutnlp_research 
base_dir: /home/zutnlp/xiangzheng/ 
conf_path: machine_translation/config/config.conf 
src_vocab_size: None 
src_vocab: None 
min_vocab_freq: 2 
max_length: 102 
sorted: False 
process_punct: False 
src_data_path: /home/zutnlp/xiangzheng/machine_translation/data/trans_en/{}.txt 
src_vocab_path: /home/zutnlp/xiangzheng/machine_translation/data/trans_en/vocab/vocab_min_freq_2.txt 
saved_data: /home/zutnlp/xiangzheng/machine_translation/data/trans_en/dataloader_en_102_160k.txt # xzloqy 
src: en 
uniform_init: 0.0 
rnn_type: lstm 
bidirectional: True 
num_layers: 1 
embed_size: 200 
hidden_size: 200 
latent_size: 32 
word_dropout: 0.2 
embedding_dropout: 0.0 
batch_norm: False 
reconstruction_loss_function: l2 
use_RN: False 
forward: False 
fuse_method: Fuse_CAT 
epoch: 48 
lr: 0.002 
lr_decay: 0.5 
device: 0 
batch_size: 16 
max_sequence_length: 100 
display_freq: 1000 
print_freq: 1000 
log_dir: /home/zutnlp/xiangzheng/machine_translation/log/logging/trans_en/en_16_batch_without_.log 
best_param_path: /home/zutnlp/xiangzheng/machine_translation/log/model_param/trans_en/en_16_batch_without_.pt 
test_result_path: /home/zutnlp/xiangzheng/machine_translation/log/result/trans_en/en_16_result_batch_without_.txt 
decode_output: /home/zutnlp/xiangzheng/machine_translation/inference/predict_en_batch_16_without_RN.txt 
beam_size: 5 
n_best: 1 
max_decode_step: 128
================================================================================
Begin training...
| Epoch 0 | Train_loss {'re_loss': 104.19619441270845, 'kl_divergence': 92.17043281904621, 'mutual_information1': 2.7564255505502215, 'mmd_loss': 0.07589944596588633, 'negative_ll': 216.66888135051727, 'nll_ppl': 22026.465794806718, 'sum_log_j': 0.0, 'end_time': 89.90136480331421} | 

--------------------------------------------------------------------------------
Evaluating on the valid data
| Epoch 0 | Eval_loss {'re_loss': 93.09222099035227, 'kl_divergence': 126.12104951918226, 'mutual_information1': -13.227955975491062, 'mmd_loss': 0.08170719100939099, 'negative_ll': 219.19977497119885, 'nll_ppl': 22026.465794806718, 'sum_log_j': 0.0, 'end_time': 3.067713499069214} | 

project_name: zutnlp_research 
base_dir: /home/zutnlp/xiangzheng/ 
conf_path: machine_translation/config/config.conf 
src_vocab_size: None 
src_vocab: None 
min_vocab_freq: 2 
max_length: 102 
sorted: False 
process_punct: False 
src_data_path: /home/zutnlp/xiangzheng/machine_translation/data/trans_en/{}.txt 
src_vocab_path: /home/zutnlp/xiangzheng/machine_translation/data/trans_en/vocab/vocab_min_freq_2.txt 
saved_data: /home/zutnlp/xiangzheng/machine_translation/data/trans_en/dataloader_en_102_160k.txt # xzloqy 
src: en 
uniform_init: 0.0 
rnn_type: lstm 
bidirectional: True 
num_layers: 1 
embed_size: 200 
hidden_size: 200 
latent_size: 32 
word_dropout: 0.2 
embedding_dropout: 0.0 
batch_norm: False 
reconstruction_loss_function: l2 
use_RN: False 
forward: False 
fuse_method: Fuse_CAT 
epoch: 48 
lr: 0.002 
lr_decay: 0.5 
device: 0 
batch_size: 16 
max_sequence_length: 100 
display_freq: 1000 
print_freq: 1000 
log_dir: /home/zutnlp/xiangzheng/machine_translation/log/logging/trans_en/en_16_batch_without_.log 
best_param_path: /home/zutnlp/xiangzheng/machine_translation/log/model_param/trans_en/en_16_batch_without_.pt 
test_result_path: /home/zutnlp/xiangzheng/machine_translation/log/result/trans_en/en_16_result_batch_without_.txt 
decode_output: /home/zutnlp/xiangzheng/machine_translation/inference/predict_en_batch_16_without_RN.txt 
beam_size: 5 
n_best: 1 
max_decode_step: 128
================================================================================
Begin training...
| Epoch 0 | Train_loss {'re_loss': 104.19619441270845, 'kl_divergence': 92.17043281904621, 'mutual_information1': 2.7564255505502215, 'mmd_loss': 0.07589944596588633, 'negative_ll': 216.66888135051727, 'nll_ppl': 22026.465794806718, 'sum_log_j': 0.0, 'end_time': 86.50970768928528} | 

--------------------------------------------------------------------------------
Evaluating on the valid data
| Epoch 0 | Eval_loss {'re_loss': 93.09222099035227, 'kl_divergence': 126.12104951918226, 'mutual_information1': -13.227955975491062, 'mmd_loss': 0.08170719100939099, 'negative_ll': 219.19977497119885, 'nll_ppl': 22026.465794806718, 'sum_log_j': 0.0, 'end_time': 2.9913952350616455} | 

~~~~~~~~~~~~~~~~~~~~~~~~~~~~~~~~~~~~~~~~~~~~~~~~~~~~~~~~~~~~~~~~~~~~~~~~~~~~~~~~
 Saved model state to '/home/zutnlp/xiangzheng/machine_translation/log/model_param/trans_en/en_16_batch_without_.pt' 
~~~~~~~~~~~~~~~~~~~~~~~~~~~~~~~~~~~~~~~~~~~~~~~~~~~~~~~~~~~~~~~~~~~~~~~~~~~~~~~~

================================================================================
Begin training...
| Epoch 1 | Train_loss {'re_loss': 92.70289021807886, 'kl_divergence': 96.95888543272049, 'mutual_information1': 2.8055752321183642, 'mmd_loss': 0.08009902629256235, 'negative_ll': 189.66359256649065, 'nll_ppl': 7699.841178176307, 'sum_log_j': 0.0, 'end_time': 78.15327739715576} | 

--------------------------------------------------------------------------------
Evaluating on the valid data
| Epoch 1 | Eval_loss {'re_loss': 88.00959830772128, 'kl_divergence': 32.39026196847869, 'mutual_information1': -13.227958381881704, 'mmd_loss': 0.07930844688189706, 'negative_ll': 117.77216042245382, 'nll_ppl': 259.6694230491939, 'sum_log_j': 0.0, 'end_time': 2.9194843769073486} | 

~~~~~~~~~~~~~~~~~~~~~~~~~~~~~~~~~~~~~~~~~~~~~~~~~~~~~~~~~~~~~~~~~~~~~~~~~~~~~~~~
 Saved model state to '/home/zutnlp/xiangzheng/machine_translation/log/model_param/trans_en/en_16_batch_without_.pt' 
~~~~~~~~~~~~~~~~~~~~~~~~~~~~~~~~~~~~~~~~~~~~~~~~~~~~~~~~~~~~~~~~~~~~~~~~~~~~~~~~

================================================================================
Begin training...
| Epoch 2 | Train_loss {'re_loss': 90.55776836931696, 'kl_divergence': 24.71671261310576, 'mutual_information1': 2.7900182392597213, 'mmd_loss': 0.07595612484216693, 'negative_ll': 115.26690368604665, 'nll_ppl': 221.14605781801998, 'sum_log_j': 0.0, 'end_time': 85.61119675636292} | 

--------------------------------------------------------------------------------
Evaluating on the valid data
| Epoch 2 | Eval_loss {'re_loss': 86.67217274309307, 'kl_divergence': 19.88047093825729, 'mutual_information1': -13.227958465933463, 'mmd_loss': 0.08302819470109771, 'negative_ll': 99.76133650147707, 'nll_ppl': 110.96472108129551, 'sum_log_j': 0.0, 'end_time': 3.046766519546509} | 

~~~~~~~~~~~~~~~~~~~~~~~~~~~~~~~~~~~~~~~~~~~~~~~~~~~~~~~~~~~~~~~~~~~~~~~~~~~~~~~~
 Saved model state to '/home/zutnlp/xiangzheng/machine_translation/log/model_param/trans_en/en_16_batch_without_.pt' 
~~~~~~~~~~~~~~~~~~~~~~~~~~~~~~~~~~~~~~~~~~~~~~~~~~~~~~~~~~~~~~~~~~~~~~~~~~~~~~~~

================================================================================
Begin training...
| Epoch 3 | Train_loss {'re_loss': 88.80676579892594, 'kl_divergence': 17.322429262399655, 'mutual_information1': 2.7595694179534958, 'mmd_loss': 0.07033359624445457, 'negative_ll': 106.13063884830483, 'nll_ppl': 146.05169923194134, 'sum_log_j': 0.0, 'end_time': 86.16924953460693} | 

--------------------------------------------------------------------------------
Evaluating on the valid data
| Epoch 3 | Eval_loss {'re_loss': 84.6510347874658, 'kl_divergence': 14.961891877842524, 'mutual_information1': -13.227958295822637, 'mmd_loss': 0.06919946550727052, 'negative_ll': 91.0813223285068, 'nll_ppl': 73.66104738858894, 'sum_log_j': 0.0, 'end_time': 3.047348737716675} | 

~~~~~~~~~~~~~~~~~~~~~~~~~~~~~~~~~~~~~~~~~~~~~~~~~~~~~~~~~~~~~~~~~~~~~~~~~~~~~~~~
 Saved model state to '/home/zutnlp/xiangzheng/machine_translation/log/model_param/trans_en/en_16_batch_without_.pt' 
~~~~~~~~~~~~~~~~~~~~~~~~~~~~~~~~~~~~~~~~~~~~~~~~~~~~~~~~~~~~~~~~~~~~~~~~~~~~~~~~

================================================================================
Begin training...
| Epoch 4 | Train_loss {'re_loss': 88.03338074505334, 'kl_divergence': 14.025776131629945, 'mutual_information1': 2.7877849330902116, 'mmd_loss': 0.06867880706489073, 'negative_ll': 102.07090042591076, 'nll_ppl': 121.43388429909396, 'sum_log_j': 0.0, 'end_time': 83.34852361679077} | 

--------------------------------------------------------------------------------
Evaluating on the valid data
| Epoch 4 | Eval_loss {'re_loss': 84.19160101533537, 'kl_divergence': 12.894742367048698, 'mutual_information1': -13.227958327185204, 'mmd_loss': 0.06728034018215705, 'negative_ll': 87.79472320966111, 'nll_ppl': 63.07540587170051, 'sum_log_j': 0.0, 'end_time': 3.0899248123168945} | 

~~~~~~~~~~~~~~~~~~~~~~~~~~~~~~~~~~~~~~~~~~~~~~~~~~~~~~~~~~~~~~~~~~~~~~~~~~~~~~~~
 Saved model state to '/home/zutnlp/xiangzheng/machine_translation/log/model_param/trans_en/en_16_batch_without_.pt' 
~~~~~~~~~~~~~~~~~~~~~~~~~~~~~~~~~~~~~~~~~~~~~~~~~~~~~~~~~~~~~~~~~~~~~~~~~~~~~~~~

================================================================================
Begin training...
| Epoch 5 | Train_loss {'re_loss': 87.93810303807281, 'kl_divergence': 11.655429996490488, 'mutual_information1': 2.7889136905670147, 'mmd_loss': 0.06762346185743806, 'negative_ll': 99.60001282310495, 'nll_ppl': 107.07471027659456, 'sum_log_j': 0.0, 'end_time': 86.58211660385132} | 

--------------------------------------------------------------------------------
Evaluating on the valid data
| Epoch 5 | Eval_loss {'re_loss': 83.96790366359714, 'kl_divergence': 10.543043632376854, 'mutual_information1': -13.227958500557687, 'mmd_loss': 0.06716183548505547, 'negative_ll': 84.26862691484357, 'nll_ppl': 53.40382197360848, 'sum_log_j': 0.0, 'end_time': 3.0408191680908203} | 

~~~~~~~~~~~~~~~~~~~~~~~~~~~~~~~~~~~~~~~~~~~~~~~~~~~~~~~~~~~~~~~~~~~~~~~~~~~~~~~~
 Saved model state to '/home/zutnlp/xiangzheng/machine_translation/log/model_param/trans_en/en_16_batch_without_.pt' 
~~~~~~~~~~~~~~~~~~~~~~~~~~~~~~~~~~~~~~~~~~~~~~~~~~~~~~~~~~~~~~~~~~~~~~~~~~~~~~~~

================================================================================
Begin training...
| Epoch 6 | Train_loss {'re_loss': 87.70336795890361, 'kl_divergence': 9.688099344134324, 'mutual_information1': 2.785600888729092, 'mmd_loss': 0.06668767786025995, 'negative_ll': 97.3955662403107, 'nll_ppl': 97.76296016557248, 'sum_log_j': 0.0, 'end_time': 92.8986542224884} | 

--------------------------------------------------------------------------------
Evaluating on the valid data
| Epoch 6 | Eval_loss {'re_loss': 84.1526020740528, 'kl_divergence': 8.814220275668156, 'mutual_information1': -13.227958456399149, 'mmd_loss': 0.06706487884712165, 'negative_ll': 82.07697507100053, 'nll_ppl': 48.15504283120241, 'sum_log_j': 0.0, 'end_time': 3.1859066486358643} | 

================================================================================
Begin training...
| Epoch 7 | Train_loss {'re_loss': 87.83132822036723, 'kl_divergence': 7.956818120837201, 'mutual_information1': 2.7371023521423328, 'mmd_loss': 0.06603579454123969, 'negative_ll': 95.77743566513034, 'nll_ppl': 90.41479080515428, 'sum_log_j': 0.0, 'end_time': 86.99241042137146} | 

--------------------------------------------------------------------------------
Evaluating on the valid data
| Epoch 7 | Eval_loss {'re_loss': 84.47565369378952, 'kl_divergence': 7.159649684848798, 'mutual_information1': -13.227958331952303, 'mmd_loss': 0.06546651634910304, 'negative_ll': 80.05857362172625, 'nll_ppl': 43.77871149897687, 'sum_log_j': 0.0, 'end_time': 3.0143930912017822} | 

================================================================================
Begin training...
| Epoch 8 | Train_loss {'re_loss': 88.27396099925015, 'kl_divergence': 6.279482018470754, 'mutual_information1': 2.7844047203063957, 'mmd_loss': 0.06493338039517414, 'negative_ll': 94.55643794059752, 'nll_ppl': 85.73037442770654, 'sum_log_j': 0.0, 'end_time': 86.72943592071533} | 

--------------------------------------------------------------------------------
Evaluating on the valid data
| Epoch 8 | Eval_loss {'re_loss': 85.3355554040248, 'kl_divergence': 5.428243382922353, 'mutual_information1': -13.227958363064007, 'mmd_loss': 0.0651032092758807, 'negative_ll': 78.3729192647957, 'nll_ppl': 40.430187079416434, 'sum_log_j': 0.0, 'end_time': 3.1946730613708496} | 

================================================================================
Begin training...
| Epoch 9 | Train_loss {'re_loss': 88.89427826142325, 'kl_divergence': 4.617186288237582, 'mutual_information1': 2.768717152595527, 'mmd_loss': 0.06400520148873319, 'negative_ll': 93.51642886924704, 'nll_ppl': 81.47141406472714, 'sum_log_j': 0.0, 'end_time': 78.020103931427} | 

--------------------------------------------------------------------------------
Evaluating on the valid data
| Epoch 9 | Eval_loss {'re_loss': 86.56618631428647, 'kl_divergence': 3.8595347415770522, 'mutual_information1': -13.227958266718057, 'mmd_loss': 0.0618504164752694, 'negative_ll': 77.2653201373431, 'nll_ppl': 38.37064574414092, 'sum_log_j': 0.0, 'end_time': 3.0288424491882324} | 

================================================================================
Begin training...
| Epoch 10 | Train_loss {'re_loss': 89.96479585504517, 'kl_divergence': 2.9641088715195614, 'mutual_information1': 2.762821686744695, 'mmd_loss': 0.062340098857879604, 'negative_ll': 92.92157340049742, 'nll_ppl': 77.99696038921034, 'sum_log_j': 0.0, 'end_time': 83.05994391441345} | 

--------------------------------------------------------------------------------
Evaluating on the valid data
| Epoch 10 | Eval_loss {'re_loss': 88.30111359433424, 'kl_divergence': 2.245527955175418, 'mutual_information1': -13.227958259692844, 'mmd_loss': 0.06246572894442872, 'negative_ll': 76.36225537443379, 'nll_ppl': 36.76931833836278, 'sum_log_j': 0.0, 'end_time': 3.0521271228790283} | 

================================================================================
Begin training...
| Epoch 11 | Train_loss {'re_loss': 90.58535009944424, 'kl_divergence': 1.5620005976259717, 'mutual_information1': 2.7903933954238944, 'mmd_loss': 0.060798698663711605, 'negative_ll': 92.1692429151538, 'nll_ppl': 76.00339949011978, 'sum_log_j': 0.0, 'end_time': 85.79497957229614} | 

--------------------------------------------------------------------------------
Evaluating on the valid data
| Epoch 11 | Eval_loss {'re_loss': 89.99666625065285, 'kl_divergence': 1.102307350000121, 'mutual_information1': -13.227958287291935, 'mmd_loss': 0.061558266245544176, 'negative_ll': 76.00964379555239, 'nll_ppl': 36.16236015844227, 'sum_log_j': 0.0, 'end_time': 3.0580508708953857} | 

================================================================================
Begin training...
| Epoch 12 | Train_loss {'re_loss': 90.65504541182528, 'kl_divergence': 0.7942864829599843, 'mutual_information1': 2.749910423278812, 'mmd_loss': 0.05931788809597495, 'negative_ll': 91.43147611141222, 'nll_ppl': 73.39022493633153, 'sum_log_j': 0.0, 'end_time': 86.29735231399536} | 

--------------------------------------------------------------------------------
Evaluating on the valid data
| Epoch 12 | Eval_loss {'re_loss': 90.79988184655164, 'kl_divergence': 0.5968429228093431, 'mutual_information1': -13.227958079044182, 'mmd_loss': 0.059106094151602014, 'negative_ll': 75.98381738178482, 'nll_ppl': 36.118300392980615, 'sum_log_j': 0.0, 'end_time': 3.0662620067596436} | 

================================================================================
Begin training...
| Epoch 13 | Train_loss {'re_loss': 90.77495748209947, 'kl_divergence': 0.48290055203065285, 'mutual_information1': 2.765635794639578, 'mmd_loss': 0.058892708450555845, 'negative_ll': 91.24858099079114, 'nll_ppl': 72.16634346275148, 'sum_log_j': 0.0, 'end_time': 82.66852831840515} | 

--------------------------------------------------------------------------------
Evaluating on the valid data
| Epoch 13 | Eval_loss {'re_loss': 91.06587114261343, 'kl_divergence': 0.36121725700491836, 'mutual_information1': -13.227958267721675, 'mmd_loss': 0.05756849083452595, 'negative_ll': 75.80789547473373, 'nll_ppl': 35.81960314383828, 'sum_log_j': 0.0, 'end_time': 3.7397024631500244} | 

================================================================================
Begin training...
| Epoch 14 | Train_loss {'re_loss': 90.23003533196437, 'kl_divergence': 0.25839545935019803, 'mutual_information1': 2.7961592435836744, 'mmd_loss': 0.0578363503366709, 'negative_ll': 90.5118435649872, 'nll_ppl': 71.0520215165195, 'sum_log_j': 0.0, 'end_time': 96.38579368591309} | 

--------------------------------------------------------------------------------
Evaluating on the valid data
| Epoch 14 | Eval_loss {'re_loss': 91.16628916117433, 'kl_divergence': 0.1863303677529545, 'mutual_information1': -13.227958291306352, 'mmd_loss': 0.05796636606134636, 'negative_ll': 75.58813121688269, 'nll_ppl': 35.449934067764154, 'sum_log_j': 0.0, 'end_time': 3.083333969116211} | 

================================================================================
Begin training...
| Epoch 15 | Train_loss {'re_loss': 89.93043809580811, 'kl_divergence': 0.13658267149887962, 'mutual_information1': 2.80444791984558, 'mmd_loss': 0.057617655411362656, 'negative_ll': 90.09919910717011, 'nll_ppl': 69.52179175866455, 'sum_log_j': 0.0, 'end_time': 85.58290815353394} | 

--------------------------------------------------------------------------------
Evaluating on the valid data
| Epoch 15 | Eval_loss {'re_loss': 91.33500710125816, 'kl_divergence': 0.10514108032591879, 'mutual_information1': -13.227958290804546, 'mmd_loss': 0.057556999197008706, 'negative_ll': 75.62761568000714, 'nll_ppl': 35.516069238032806, 'sum_log_j': 0.0, 'end_time': 2.985426187515259} | 

================================================================================
Begin training...
| Epoch 16 | Train_loss {'re_loss': 89.02639324498166, 'kl_divergence': 0.0927243048036468, 'mutual_information1': 2.765141530990609, 'mmd_loss': 0.05764252638816817, 'negative_ll': 89.11075207042701, 'nll_ppl': 66.28306221950619, 'sum_log_j': 0.0, 'end_time': 80.14947485923767} | 

--------------------------------------------------------------------------------
Evaluating on the valid data
| Epoch 16 | Eval_loss {'re_loss': 90.80672525487678, 'kl_divergence': 0.092379590400863, 'mutual_information1': -13.227958372096388, 'mmd_loss': 0.05803790248654069, 'negative_ll': 75.02173371830604, 'nll_ppl': 34.514679339240296, 'sum_log_j': 0.0, 'end_time': 3.009504556655884} | 

================================================================================
Begin training...
| Epoch 17 | Train_loss {'re_loss': 88.77403947854043, 'kl_divergence': 0.0746008394067176, 'mutual_information1': 2.763933105468751, 'mmd_loss': 0.05743839360773564, 'negative_ll': 88.83771896457648, 'nll_ppl': 65.2825164697703, 'sum_log_j': 0.0, 'end_time': 94.42203950881958} | 

--------------------------------------------------------------------------------
Evaluating on the valid data
| Epoch 17 | Eval_loss {'re_loss': 90.73103945922045, 'kl_divergence': 0.06880151409674432, 'mutual_information1': -13.227958251663953, 'mmd_loss': 0.05653944325365538, 'negative_ll': 74.90736378321235, 'nll_ppl': 34.32884330811109, 'sum_log_j': 0.0, 'end_time': 4.671611547470093} | 

================================================================================
Begin training...
| Epoch 18 | Train_loss {'re_loss': 88.67040943670264, 'kl_divergence': 0.055444538520183405, 'mutual_information1': 2.751931447982794, 'mmd_loss': 0.05714608842134472, 'negative_ll': 88.70645555782333, 'nll_ppl': 64.42562974625854, 'sum_log_j': 0.0, 'end_time': 109.00304460525513} | 

--------------------------------------------------------------------------------
Evaluating on the valid data
| Epoch 18 | Eval_loss {'re_loss': 90.68760242577575, 'kl_divergence': 0.0522791147310462, 'mutual_information1': -13.227958367078365, 'mmd_loss': 0.056775839979226445, 'negative_ll': 74.82240515801507, 'nll_ppl': 34.19144477645992, 'sum_log_j': 0.0, 'end_time': 4.618036270141602} | 

================================================================================
Begin training...
| Epoch 19 | Train_loss {'re_loss': 88.70514873909956, 'kl_divergence': 0.04884734156820917, 'mutual_information1': 2.7608889732360775, 'mmd_loss': 0.05728711929917336, 'negative_ll': 88.74387092494968, 'nll_ppl': 63.95149416541903, 'sum_log_j': 0.0, 'end_time': 109.46666502952576} | 

--------------------------------------------------------------------------------
Evaluating on the valid data
| Epoch 19 | Eval_loss {'re_loss': 90.59660457379253, 'kl_divergence': 0.05250168924279451, 'mutual_information1': -13.227958331450436, 'mmd_loss': 0.05710803405512821, 'negative_ll': 74.76859737678252, 'nll_ppl': 34.1047092306278, 'sum_log_j': 0.0, 'end_time': 4.908216953277588} | 

================================================================================
Begin training...
| Epoch 20 | Train_loss {'re_loss': 88.27167813241496, 'kl_divergence': 0.04607706594537014, 'mutual_information1': 2.7641131744384677, 'mmd_loss': 0.05720725609362121, 'negative_ll': 88.31023879432657, 'nll_ppl': 63.28403992348804, 'sum_log_j': 0.0, 'end_time': 112.01857948303223} | 

--------------------------------------------------------------------------------
Evaluating on the valid data
| Epoch 20 | Eval_loss {'re_loss': 90.55299181939418, 'kl_divergence': 0.042877138350957716, 'mutual_information1': -13.227958342991881, 'mmd_loss': 0.05770447253553653, 'negative_ll': 74.66463793418626, 'nll_ppl': 33.93775435070164, 'sum_log_j': 0.0, 'end_time': 4.602033615112305} | 

================================================================================
Begin training...
| Epoch 21 | Train_loss {'re_loss': 88.21636719322207, 'kl_divergence': 0.03530559528875156, 'mutual_information1': 2.7933226652145433, 'mmd_loss': 0.057592008620500554, 'negative_ll': 88.27353792953488, 'nll_ppl': 62.805504062670835, 'sum_log_j': 0.0, 'end_time': 111.06643652915955} | 

--------------------------------------------------------------------------------
Evaluating on the valid data
| Epoch 21 | Eval_loss {'re_loss': 90.51138162550193, 'kl_divergence': 0.031480472598600255, 'mutual_information1': -13.227958126213505, 'mmd_loss': 0.05655185949234738, 'negative_ll': 74.62558397686006, 'nll_ppl': 33.875246595093365, 'sum_log_j': 0.0, 'end_time': 4.833487033843994} | 

================================================================================
Begin training...
| Epoch 22 | Train_loss {'re_loss': 88.23603145217871, 'kl_divergence': 0.030693382543162444, 'mutual_information1': 2.7826169509887655, 'mmd_loss': 0.05710959178209303, 'negative_ll': 88.27838557052608, 'nll_ppl': 62.447475165907115, 'sum_log_j': 0.0, 'end_time': 112.17113661766052} | 

--------------------------------------------------------------------------------
Evaluating on the valid data
| Epoch 22 | Eval_loss {'re_loss': 90.44713095143356, 'kl_divergence': 0.027755596546343034, 'mutual_information1': -13.22795820650179, 'mmd_loss': 0.05744215802938113, 'negative_ll': 74.55503420891239, 'nll_ppl': 33.762619960751934, 'sum_log_j': 0.0, 'end_time': 5.794294357299805} | 

================================================================================
Begin training...
| Epoch 23 | Train_loss {'re_loss': 87.68975911307346, 'kl_divergence': 0.027643256582552556, 'mutual_information1': 2.781386211395255, 'mmd_loss': 0.05714814490079884, 'negative_ll': 87.72858437824291, 'nll_ppl': 62.01605891940803, 'sum_log_j': 0.0, 'end_time': 109.58319020271301} | 

--------------------------------------------------------------------------------
Evaluating on the valid data
| Epoch 23 | Eval_loss {'re_loss': 90.44873836711038, 'kl_divergence': 0.027568118645270794, 'mutual_information1': -13.227958431309, 'mmd_loss': 0.05732740430071673, 'negative_ll': 74.53191533298185, 'nll_ppl': 33.72579418436622, 'sum_log_j': 0.0, 'end_time': 5.1084136962890625} | 

================================================================================
Begin training...
| Epoch 24 | Train_loss {'re_loss': 87.68375628280639, 'kl_divergence': 0.0246302687140414, 'mutual_information1': 2.7798509607315096, 'mmd_loss': 0.057267962858080806, 'negative_ll': 87.7156727705001, 'nll_ppl': 61.545946390597216, 'sum_log_j': 0.0, 'end_time': 109.13011336326599} | 

--------------------------------------------------------------------------------
Evaluating on the valid data
| Epoch 24 | Eval_loss {'re_loss': 90.39470079276971, 'kl_divergence': 0.022878720869291345, 'mutual_information1': -13.227958335464848, 'mmd_loss': 0.05761081154363399, 'negative_ll': 74.47455020253201, 'nll_ppl': 33.63459135706885, 'sum_log_j': 0.0, 'end_time': 4.757850646972656} | 

================================================================================
Begin training...
| Epoch 25 | Train_loss {'re_loss': 87.58237800884234, 'kl_divergence': 0.019334845605655546, 'mutual_information1': 2.8041930027008, 'mmd_loss': 0.05761881944537167, 'negative_ll': 87.63305892562855, 'nll_ppl': 61.28705074416317, 'sum_log_j': 0.0, 'end_time': 114.24493932723999} | 

--------------------------------------------------------------------------------
Evaluating on the valid data
| Epoch 25 | Eval_loss {'re_loss': 90.36207821431276, 'kl_divergence': 0.018265976169938265, 'mutual_information1': -13.227958367078358, 'mmd_loss': 0.05756123421600511, 'negative_ll': 74.43456522222252, 'nll_ppl': 33.571166534932544, 'sum_log_j': 0.0, 'end_time': 4.784820795059204} | 

================================================================================
Begin training...
| Epoch 26 | Train_loss {'re_loss': 87.30585599040982, 'kl_divergence': 0.015213169853668608, 'mutual_information1': 2.768865845680237, 'mmd_loss': 0.05709883002936848, 'negative_ll': 87.31701451396941, 'nll_ppl': 60.037811604461766, 'sum_log_j': 0.0, 'end_time': 113.48439002037048} | 

--------------------------------------------------------------------------------
Evaluating on the valid data
| Epoch 26 | Eval_loss {'re_loss': 90.18169329210949, 'kl_divergence': 0.014645670224309458, 'mutual_information1': -13.227958295320702, 'mmd_loss': 0.057607064683698916, 'negative_ll': 74.24338062409822, 'nll_ppl': 33.269555584379376, 'sum_log_j': 0.0, 'end_time': 4.793152332305908} | 

================================================================================
Begin training...
| Epoch 27 | Train_loss {'re_loss': 86.84484075260161, 'kl_divergence': 0.01215045081154678, 'mutual_information1': 2.781178350448604, 'mmd_loss': 0.05721101699769498, 'negative_ll': 86.86548226356496, 'nll_ppl': 59.38096318570943, 'sum_log_j': 0.0, 'end_time': 106.69141936302185} | 

--------------------------------------------------------------------------------
Evaluating on the valid data
| Epoch 27 | Eval_loss {'re_loss': 90.14001096922667, 'kl_divergence': 0.011254548611179653, 'mutual_information1': -13.227958311880164, 'mmd_loss': 0.05791633820979099, 'negative_ll': 74.19723311627232, 'nll_ppl': 33.19716062633957, 'sum_log_j': 0.0, 'end_time': 3.0147318840026855} | 

================================================================================
Begin training...
| Epoch 28 | Train_loss {'re_loss': 86.74777414011976, 'kl_divergence': 0.010095363482076215, 'mutual_information1': 2.764226465225217, 'mmd_loss': 0.05705474241077909, 'negative_ll': 86.75032022666903, 'nll_ppl': 59.03750324407717, 'sum_log_j': 0.0, 'end_time': 84.1397647857666} | 

--------------------------------------------------------------------------------
Evaluating on the valid data
| Epoch 28 | Eval_loss {'re_loss': 90.09871574026506, 'kl_divergence': 0.01005342008163273, 'mutual_information1': -13.227958334963054, 'mmd_loss': 0.056945699323199005, 'negative_ll': 74.1546531542763, 'nll_ppl': 33.130502080651844, 'sum_log_j': 0.0, 'end_time': 3.003664493560791} | 

================================================================================
Begin training...
| Epoch 29 | Train_loss {'re_loss': 86.58755904984439, 'kl_divergence': 0.009476977304322662, 'mutual_information1': 2.7681565170288085, 'mmd_loss': 0.05715358802676207, 'negative_ll': 86.59353334808341, 'nll_ppl': 59.05212190030661, 'sum_log_j': 0.0, 'end_time': 92.55194044113159} | 

--------------------------------------------------------------------------------
Evaluating on the valid data
| Epoch 29 | Eval_loss {'re_loss': 90.0527566228844, 'kl_divergence': 0.009088137343631725, 'mutual_information1': -13.227958327937825, 'mmd_loss': 0.05720014780391298, 'negative_ll': 74.11126137331767, 'nll_ppl': 33.062710337785965, 'sum_log_j': 0.0, 'end_time': 5.6206214427948} | 

================================================================================
Begin training...
| Epoch 30 | Train_loss {'re_loss': 86.50920894026778, 'kl_divergence': 0.008394980502314891, 'mutual_information1': 2.7546904354095503, 'mmd_loss': 0.057223871067166254, 'negative_ll': 86.49995915699016, 'nll_ppl': 58.67082763519108, 'sum_log_j': 0.0, 'end_time': 119.16622066497803} | 

--------------------------------------------------------------------------------
Evaluating on the valid data
| Epoch 30 | Eval_loss {'re_loss': 90.05392160794504, 'kl_divergence': 0.007924486282929655, 'mutual_information1': -13.227958263707201, 'mmd_loss': 0.058186547626353904, 'negative_ll': 74.11228828460288, 'nll_ppl': 33.0643130956562, 'sum_log_j': 0.0, 'end_time': 5.862603187561035} | 

================================================================================
Begin training...
--------------------------------------------------------------------------------
Exiting from training early.

the best model is from epoch 5
********************************************************************************
Evaluating on test data
Test_loss {'re_loss': 86.15015696207689, 'kl_divergence': 0.005036258313666892, 'mutual_information1': -13.227688354492184, 'mmd_loss': 0.05649779959078189, 'negative_ll': 70.19997772894968, 'nll_ppl': 31.063548271925107, 'sum_log_j': 0.0, 'end_time': 4.715960502624512} | 

